Arguments: 
  C:\Program Files\nodejs\node.exe C:\Users\fabiano.gomes\AppData\Roaming\npm\node_modules\yarn\bin\yarn.js add @types/bcrpyt -D

PATH: 
  C:\Program Files (x86)\Common Files\Oracle\Java\javapath;C:\Program Files (x86)\Common Files\Oracle\Java\javapath;C:\Program Files (x86)\Common Files\Oracle\Java\javapath;C:\Windows\System32;C:\SOFTWARE\PD\ASI\PATRIM_ATUAL;c:\oracle\product\10.2.0\client_2\bin;C:\SOFTWARE\PD\ASI\Deploy52\Axis2\Lib;C:\SOFTWARE\PD\ASI\Deploy52;C:\Windows\system32;C:\Windows;C:\Windows\System32\Wbem;C:\Windows\System32\WindowsPowerShell\v1.0\;C:\Program Files (x86)\Kodak\Document Imaging\kds_i2000\Smart Touch\;C:\Program Files (x86)\Enterprise Vault\EVClient\;C:\Windows\System32;C:\SOFTWARE\ASI\almox;C:\Program Files\Calibre2\;C:\SOFTWARE\PD\ASI\PATRIM_ATUAL;c:\oracle\product\10.2.0\client_2\bin;C:\SOFTWARE\PD\ASI\Deploy52\Axis2\Lib;C:\SOFTWARE\PD\ASI\Deploy52;C:\Windows\system32;C:\Windows;C:\Windows\System32\Wbem;C:\Windows\System32\WindowsPowerShell\v1.0\;C:\Program Files (x86)\Kodak\Document Imaging\kds_i2000\Smart Touch\;C:\Program Files (x86)\Enterprise Vault\EVClient\;C:\Program Files (x86)\Common Files\Oracle\Java\javapath;C:\Windows\System32;C:\SOFTWARE\PD\ASI\PATRIM_ATUAL;c:\oracle\product\10.2.0\client_2\bin;C:\SOFTWARE\PD\ASI\Deploy52\Axis2\Lib;C:\SOFTWARE\PD\ASI\Deploy52;C:\Windows\system32;C:\Windows;C:\Windows\System32\Wbem;C:\Windows\System32\WindowsPowerShell\v1.0\;C:\Program Files (x86)\Kodak\Document Imaging\kds_i2000\Smart Touch\;C:\Program Files (x86)\Enterprise Vault\EVClient\;C:\Windows\System32;C:\SOFTWARE\ASI\almox;C:\Program Files\Calibre2\;C:\SOFTWARE\ASI\almox;C:\Program Files\Calibre2\;C:\SOFTWARE\PD\ASI\PATRIM_ATUAL;c:\oracle\product\10.2.0\client_2\bin;C:\SOFTWARE\PD\ASI\Deploy52\Axis2\Lib;C:\SOFTWARE\PD\ASI\Deploy52;C:\Windows\system32;C:\Windows;C:\Windows\System32\Wbem;C:\Windows\System32\WindowsPowerShell\v1.0\;C:\Program Files (x86)\Kodak\Document Imaging\kds_i2000\Smart Touch\;C:\Program Files (x86)\Enterprise Vault\EVClient\;C:\Program Files (x86)\Common Files\Oracle\Java\javapath;C:\Program Files (x86)\Common Files\Oracle\Java\javapath;C:\Windows\System32;C:\SOFTWARE\PD\ASI\PATRIM_ATUAL;c:\oracle\product\10.2.0\client_2\bin;C:\SOFTWARE\PD\ASI\Deploy52\Axis2\Lib;C:\SOFTWARE\PD\ASI\Deploy52;C:\Windows\system32;C:\Windows;C:\Windows\System32\Wbem;C:\Windows\System32\WindowsPowerShell\v1.0\;C:\Program Files (x86)\Kodak\Document Imaging\kds_i2000\Smart Touch\;C:\Program Files (x86)\Enterprise Vault\EVClient\;C:\Windows\System32;C:\SOFTWARE\ASI\almox;C:\Program Files\Calibre2\;C:\SOFTWARE\PD\ASI\PATRIM_ATUAL;c:\oracle\product\10.2.0\client_2\bin;C:\SOFTWARE\PD\ASI\Deploy52\Axis2\Lib;C:\SOFTWARE\PD\ASI\Deploy52;C:\Windows\system32;C:\Windows;C:\Windows\System32\Wbem;C:\Windows\System32\WindowsPowerShell\v1.0\;C:\Program Files (x86)\Kodak\Document Imaging\kds_i2000\Smart Touch\;C:\Program Files (x86)\Enterprise Vault\EVClient\;C:\Program Files (x86)\Common Files\Oracle\Java\javapath;C:\Windows\System32;C:\SOFTWARE\PD\ASI\PATRIM_ATUAL;c:\oracle\product\10.2.0\client_2\bin;C:\SOFTWARE\PD\ASI\Deploy52\Axis2\Lib;C:\SOFTWARE\PD\ASI\Deploy52;C:\Windows\system32;C:\Windows;C:\Windows\System32\Wbem;C:\Windows\System32\WindowsPowerShell\v1.0\;C:\Program Files (x86)\Kodak\Document Imaging\kds_i2000\Smart Touch\;C:\Program Files (x86)\Enterprise Vault\EVClient\;C:\Windows\System32;C:\SOFTWARE\ASI\almox;C:\Program Files\Calibre2\;C:\SOFTWARE\ASI\almox;C:\Program Files\Calibre2\;C:\SOFTWARE\ASI\almox;C:\Program Files\Calibre2\;C:\Program Files\nodejs\;C:\Users\fabiano.gomes\AppData\Local\Microsoft\WindowsApps;C:\Users\fabiano.gomes\AppData\Local\Programs\Microsoft VS Code\bin;C:\Users\fabiano.gomes\AppData\Local\Programs\Git\cmd;C:\Users\fabiano.gomes\AppData\Roaming\npm

Yarn version: 
  1.22.19

Node version: 
  16.17.1

Platform: 
  win32 x64

Trace: 
  Error: https://registry.yarnpkg.com/@types%2fbcrpyt: Not found
      at Request.params.callback [as _callback] (C:\Users\fabiano.gomes\AppData\Roaming\npm\node_modules\yarn\lib\cli.js:66145:18)
      at Request.self.callback (C:\Users\fabiano.gomes\AppData\Roaming\npm\node_modules\yarn\lib\cli.js:140890:22)
      at Request.emit (node:events:513:28)
      at Request.<anonymous> (C:\Users\fabiano.gomes\AppData\Roaming\npm\node_modules\yarn\lib\cli.js:141862:10)
      at Request.emit (node:events:513:28)
      at IncomingMessage.<anonymous> (C:\Users\fabiano.gomes\AppData\Roaming\npm\node_modules\yarn\lib\cli.js:141784:12)
      at Object.onceWrapper (node:events:627:28)
      at IncomingMessage.emit (node:events:525:35)
      at endReadableNT (node:internal/streams/readable:1358:12)
      at processTicksAndRejections (node:internal/process/task_queues:83:21)

npm manifest: 
  {
    "name": "api",
    "version": "1.0.0",
    "main": "index.js",
    "license": "MIT",
    "devDependencies": {
      "typescript": "^4.8.4"
    }
  }

yarn manifest: 
  No manifest

Lockfile: 
  # THIS IS AN AUTOGENERATED FILE. DO NOT EDIT THIS FILE DIRECTLY.
  # yarn lockfile v1
  
  
  typescript@^4.8.4:
    version "4.8.4"
    resolved "https://registry.yarnpkg.com/typescript/-/typescript-4.8.4.tgz#c464abca159669597be5f96b8943500b238e60e6"
    integrity sha512-QCh+85mCy+h0IGff8r5XWzOVSbBO+KfeYrMQh7NJ58QujwcE22u+NUSmUxqF+un70P9GXKxa2HCNiTTMJknyjQ==
